<?xml version="1.0" encoding="UTF-8"?>
<!-- Generated by org.testng.reporters.JUnitXMLReporter -->
<testsuite hostname="DESKTOP-MFE9SCG" ignored="0" name="Test" tests="5" failures="0" timestamp="29 May 2019 04:21:31 GMT" time="7.156" errors="0">
  <testcase name="BrowserLaunch" time="7.122" classname="SampleMavenPackage.SampleMavenProject.LoginTestCase"/>
  <testcase name="softAssertion" time="0.008" classname="SampleMavenPackage.SampleMavenProject.Assertions"/>
  <testcase name="alaunchBrowser" time="0.0" classname="SampleMavenPackage.SampleMavenProject.Annotations"/>
  <testcase name="blaunchApp" time="0.001" classname="SampleMavenPackage.SampleMavenProject.Annotations"/>
  <testcase name="launchApp" time="0.0" classname="SampleMavenPackage.SampleMavenProject.Annotations"/>
</testsuite> <!-- Test -->
