<?xml version="1.0" encoding="UTF-8"?>
<testsuite xmlns:xsi="http://www.w3.org/2001/XMLSchema-instance" xsi:noNamespaceSchemaLocation="https://maven.apache.org/surefire/maven-surefire-plugin/xsd/surefire-test-report-3.0.xsd" version="3.0" name="TestSuite" time="8.039" tests="5" errors="0" skipped="0" failures="0">
  <properties>
[...]
</properties>
  <testcase name="BrowserLaunch" classname="SampleMavenPackage.SampleMavenProject.LoginTestCase" time="7.122"/>
  <testcase name="softAssertion" classname="SampleMavenPackage.SampleMavenProject.Assertions" time="0.008"/>
  <testcase name="alaunchBrowser" classname="SampleMavenPackage.SampleMavenProject.Annotations" time="0.002"/>
  <testcase name="blaunchApp" classname="SampleMavenPackage.SampleMavenProject.Annotations" time="0"/>
  <testcase name="launchApp" classname="SampleMavenPackage.SampleMavenProject.Annotations" time="0"/>
</testsuite>