<?xml version="1.0" encoding="UTF-8"?>
<testng-results skipped="0" failed="0" ignored="0" total="1" passed="1">
  <reporter-output>
  </reporter-output>
  <suite name="Default suite" duration-ms="9521" started-at="2019-05-29T04:08:17Z" finished-at="2019-05-29T04:08:27Z">
    <groups>
    </groups>
    <test name="Default test" duration-ms="9521" started-at="2019-05-29T04:08:17Z" finished-at="2019-05-29T04:08:27Z">
      <class name="SampleMavenPackage.SampleMavenProject.LoginTestCase">
        <test-method status="PASS" signature="BrowserLaunch()[pri:0, instance:SampleMavenPackage.SampleMavenProject.LoginTestCase@2ef5e5e3]" name="BrowserLaunch" duration-ms="9503" started-at="2019-05-29T09:38:17Z" finished-at="2019-05-29T09:38:27Z">
          <reporter-output>
          </reporter-output>
        </test-method> <!-- BrowserLaunch -->
      </class> <!-- SampleMavenPackage.SampleMavenProject.LoginTestCase -->
    </test> <!-- Default test -->
  </suite> <!-- Default suite -->
</testng-results>
